[debug] [2025-09-28T16:48:11.279Z] ----------------------------------------------------------------------
[debug] [2025-09-28T16:48:11.283Z] Command:       C:\Program Files\nodejs\node.exe C:\Users\Mathe\AppData\Roaming\npm\node_modules\firebase-tools\lib\bin\firebase.js init hosting
[debug] [2025-09-28T16:48:11.283Z] CLI Version:   14.17.0
[debug] [2025-09-28T16:48:11.283Z] Platform:      win32
[debug] [2025-09-28T16:48:11.284Z] Node Version:  v22.14.0
[debug] [2025-09-28T16:48:11.284Z] Time:          Sun Sep 28 2025 13:48:11 GMT-0300 (Horário Padrão de Brasília)
[debug] [2025-09-28T16:48:11.284Z] ----------------------------------------------------------------------
[debug] 
[debug] [2025-09-28T16:48:11.601Z] > command requires scopes: ["email","openid","https://www.googleapis.com/auth/cloudplatformprojects.readonly","https://www.googleapis.com/auth/firebase","https://www.googleapis.com/auth/cloud-platform"]
[debug] [2025-09-28T16:48:11.602Z] > authorizing via signed-in user (matheusfc777@gmail.com)
[info] 
     ######## #### ########  ######## ########     ###     ######  ########
     ##        ##  ##     ## ##       ##     ##  ##   ##  ##       ##
     ######    ##  ########  ######   ########  #########  ######  ######
     ##        ##  ##    ##  ##       ##     ## ##     ##       ## ##
     ##       #### ##     ## ######## ########  ##     ##  ######  ########

You're about to initialize a Firebase project in this directory:

  C:\Users\Mathe\vscode tranalhos\nichofysite

Before we get started, keep in mind:

  * You are initializing within an existing Firebase project directory

