[debug] [2025-09-29T11:11:13.194Z] [Firebase Plugin] Activating Firebase extension.
[info] [Firebase Plugin] Checked firebase-tools, is up to date!
[debug] [2025-09-29T11:11:30.967Z] [Firebase Plugin] requireAuthWrapper
[debug] [2025-09-29T11:11:30.970Z] > command requires scopes: ["email","openid","https://www.googleapis.com/auth/cloudplatformprojects.readonly","https://www.googleapis.com/auth/firebase","https://www.googleapis.com/auth/cloud-platform"]
[debug] [2025-09-29T11:11:30.970Z] > authorizing via signed-in user (matheusfc777@gmail.com)
[debug] [2025-09-29T11:11:30.973Z] Checked if tokens are valid: false, expires at: 1759109882926
[debug] [2025-09-29T11:11:30.973Z] Checked if tokens are valid: false, expires at: 1759109882926
[debug] [2025-09-29T11:11:30.974Z] > refreshing access token with scopes: []
[debug] [2025-09-29T11:11:30.975Z] >>> [apiv2][query] POST https://www.googleapis.com/oauth2/v3/token [none]
[debug] [2025-09-29T11:11:30.976Z] >>> [apiv2][body] POST https://www.googleapis.com/oauth2/v3/token [omitted]
[debug] [2025-09-29T11:11:30.985Z] [Firebase Plugin] VSCode notification server listening on port 40001
[debug] [2025-09-29T11:11:35.310Z] <<< [apiv2][status] POST https://www.googleapis.com/oauth2/v3/token 200
[debug] [2025-09-29T11:11:35.311Z] <<< [apiv2][body] POST https://www.googleapis.com/oauth2/v3/token [omitted]
[debug] [2025-09-29T11:11:35.603Z] [Firebase Plugin] User found:  matheusfc777@gmail.com
[info] [Firebase Plugin] (Core:Project) New user detected, fetching projects
[debug] [2025-09-29T11:11:35.606Z] Checked if tokens are valid: true, expires at: 1759147894312
[debug] [2025-09-29T11:11:35.644Z] >>> [apiv2][query] GET https://firebase.googleapis.com/v1beta1/projects pageSize=1000
[debug] [2025-09-29T11:11:36.696Z] <<< [apiv2][status] GET https://firebase.googleapis.com/v1beta1/projects 200
[debug] [2025-09-29T11:11:36.697Z] <<< [apiv2][body] GET https://firebase.googleapis.com/v1beta1/projects [omitted]
[info] [Firebase Plugin] Stopping Data Connect toolkit
[debug] [2025-09-29T23:07:48.655Z] [Firebase Plugin] Activating Firebase extension.
[info] [Firebase Plugin] Checked firebase-tools, is up to date!
[debug] [2025-09-29T23:07:59.831Z] [Firebase Plugin] requireAuthWrapper
[debug] [2025-09-29T23:07:59.833Z] > command requires scopes: ["email","openid","https://www.googleapis.com/auth/cloudplatformprojects.readonly","https://www.googleapis.com/auth/firebase","https://www.googleapis.com/auth/cloud-platform"]
[debug] [2025-09-29T23:07:59.834Z] > authorizing via signed-in user (matheusfc777@gmail.com)
[debug] [2025-09-29T23:07:59.837Z] Checked if tokens are valid: false, expires at: 1759147894312
[debug] [2025-09-29T23:07:59.837Z] Checked if tokens are valid: false, expires at: 1759147894312
[debug] [2025-09-29T23:07:59.838Z] > refreshing access token with scopes: []
[debug] [2025-09-29T23:07:59.839Z] >>> [apiv2][query] POST https://www.googleapis.com/oauth2/v3/token [none]
[debug] [2025-09-29T23:07:59.840Z] >>> [apiv2][body] POST https://www.googleapis.com/oauth2/v3/token [omitted]
[debug] [2025-09-29T23:07:59.850Z] [Firebase Plugin] VSCode notification server listening on port 40001
[info] [Firebase Plugin] Starting Data Connect toolkit (version 2.13.0) on port 50001
[debug] [2025-09-29T23:08:01.247Z] 'fdc build' failed with error: Unable to build your Data Connect schema and connectors (exit code 1): E0929 20:08:01.223505    4744 cmd.go:43] Error loading data connect config: could not find dataconnect.yaml in `c:\Users\Mathe\vscode tranalhos\nichofysite\dataconnect`
 {"metadata":{"emulator":{"name":"dataconnect"},"message":"'fdc build' failed with error: Unable to build your Data Connect schema and connectors (exit code 1): E0929 20:08:01.223505    4744 cmd.go:43] Error loading data connect config: could not find dataconnect.yaml in `c:\\Users\\Mathe\\vscode tranalhos\\nichofysite\\dataconnect`\n"}}
[debug] [2025-09-29T23:08:01.248Z] Ignoring unsupported arg: auto_download {"metadata":{"emulator":{"name":"dataconnect"},"message":"Ignoring unsupported arg: auto_download"}}
[debug] [2025-09-29T23:08:01.248Z] Ignoring unsupported arg: port {"metadata":{"emulator":{"name":"dataconnect"},"message":"Ignoring unsupported arg: port"}}
[debug] [2025-09-29T23:08:01.249Z] Starting Data Connect Emulator with command {"binary":"C:\\Users\\Mathe\\.cache\\firebase\\emulators\\dataconnect-emulator-2.13.0.exe","args":["--logtostderr","-v=2","dev","--listen=localhost:50001","--config_dir=c:\\Users\\Mathe\\vscode tranalhos\\nichofysite\\dataconnect","--enable_output_schema_extensions=true","--enable_output_generated_sdk=true"],"optionalArgs":["listen","config_dir","enable_output_schema_extensions","enable_output_generated_sdk"],"joinArgs":true,"shell":false,"port":9399} {"metadata":{"emulator":{"name":"dataconnect"},"message":"Starting Data Connect Emulator with command {\"binary\":\"C:\\\\Users\\\\Mathe\\\\.cache\\\\firebase\\\\emulators\\\\dataconnect-emulator-2.13.0.exe\",\"args\":[\"--logtostderr\",\"-v=2\",\"dev\",\"--listen=localhost:50001\",\"--config_dir=c:\\\\Users\\\\Mathe\\\\vscode tranalhos\\\\nichofysite\\\\dataconnect\",\"--enable_output_schema_extensions=true\",\"--enable_output_generated_sdk=true\"],\"optionalArgs\":[\"listen\",\"config_dir\",\"enable_output_schema_extensions\",\"enable_output_generated_sdk\"],\"joinArgs\":true,\"shell\":false,\"port\":9399}"}}
[info] i  dataconnect: Data Connect Emulator logging to dataconnect-debug.log {"metadata":{"emulator":{"name":"dataconnect"},"message":"Data Connect Emulator logging to \u001b[1mdataconnect-debug.log\u001b[22m"}}
[debug] [2025-09-29T23:08:01.377Z] E0929 20:08:01.287434   18316 dev.go:79] Failed to load initial config from "c:\\Users\\Mathe\\vscode tranalhos\\nichofysite\\dataconnect": could not find dataconnect.yaml in `c:\Users\Mathe\vscode tranalhos\nichofysite\dataconnect`
E0929 20:08:01.306516   18316 watch.go:102] watchAllDir unable to walk dir `c:\Users\Mathe\vscode tranalhos\nichofysite\dataconnect`: CreateFile c:\Users\Mathe\vscode tranalhos\nichofysite\dataconnect: The system cannot find the file specified.
I0929 20:08:01.318806   18316 dev.go:102] Listening on address (HTTP + gRPC): 127.0.0.1:50001
 {"metadata":{"emulator":{"name":"dataconnect"},"message":"E0929 20:08:01.287434   18316 dev.go:79] Failed to load initial config from \"c:\\\\Users\\\\Mathe\\\\vscode tranalhos\\\\nichofysite\\\\dataconnect\": could not find dataconnect.yaml in `c:\\Users\\Mathe\\vscode tranalhos\\nichofysite\\dataconnect`\nE0929 20:08:01.306516   18316 watch.go:102] watchAllDir unable to walk dir `c:\\Users\\Mathe\\vscode tranalhos\\nichofysite\\dataconnect`: CreateFile c:\\Users\\Mathe\\vscode tranalhos\\nichofysite\\dataconnect: The system cannot find the file specified.\nI0929 20:08:01.318806   18316 dev.go:102] Listening on address (HTTP + gRPC): 127.0.0.1:50001\n"}}
[error] [Firebase Plugin] error:  {}
[debug] [2025-09-29T23:08:01.977Z] <<< [apiv2][status] POST https://www.googleapis.com/oauth2/v3/token 200
[debug] [2025-09-29T23:08:01.977Z] <<< [apiv2][body] POST https://www.googleapis.com/oauth2/v3/token [omitted]
[debug] [2025-09-29T23:08:02.063Z] [Firebase Plugin] User found:  matheusfc777@gmail.com
[info] [Firebase Plugin] (Core:Project) New user detected, fetching projects
[debug] [2025-09-29T23:08:02.065Z] Checked if tokens are valid: true, expires at: 1759190880978
[debug] [2025-09-29T23:08:02.065Z] >>> [apiv2][query] GET https://firebase.googleapis.com/v1beta1/projects pageSize=1000
[debug] [2025-09-29T23:08:03.457Z] <<< [apiv2][status] GET https://firebase.googleapis.com/v1beta1/projects 200
[debug] [2025-09-29T23:08:03.457Z] <<< [apiv2][body] GET https://firebase.googleapis.com/v1beta1/projects [omitted]
[debug] [2025-09-29T23:08:11.307Z] E0929 20:08:11.307200   18316 watch.go:31] Failed to load config from "c:\\Users\\Mathe\\vscode tranalhos\\nichofysite\\dataconnect": could not find dataconnect.yaml in `c:\Users\Mathe\vscode tranalhos\nichofysite\dataconnect`
 {"metadata":{"emulator":{"name":"dataconnect"},"message":"E0929 20:08:11.307200   18316 watch.go:31] Failed to load config from \"c:\\\\Users\\\\Mathe\\\\vscode tranalhos\\\\nichofysite\\\\dataconnect\": could not find dataconnect.yaml in `c:\\Users\\Mathe\\vscode tranalhos\\nichofysite\\dataconnect`\n"}}
[debug] [2025-09-29T23:08:21.306Z] E0929 20:08:21.307221   18316 watch.go:31] Failed to load config from "c:\\Users\\Mathe\\vscode tranalhos\\nichofysite\\dataconnect": could not find dataconnect.yaml in `c:\Users\Mathe\vscode tranalhos\nichofysite\dataconnect`
 {"metadata":{"emulator":{"name":"dataconnect"},"message":"E0929 20:08:21.307221   18316 watch.go:31] Failed to load config from \"c:\\\\Users\\\\Mathe\\\\vscode tranalhos\\\\nichofysite\\\\dataconnect\": could not find dataconnect.yaml in `c:\\Users\\Mathe\\vscode tranalhos\\nichofysite\\dataconnect`\n"}}
[debug] [2025-09-29T23:08:31.307Z] E0929 20:08:31.307469   18316 watch.go:31] Failed to load config from "c:\\Users\\Mathe\\vscode tranalhos\\nichofysite\\dataconnect": could not find dataconnect.yaml in `c:\Users\Mathe\vscode tranalhos\nichofysite\dataconnect`
 {"metadata":{"emulator":{"name":"dataconnect"},"message":"E0929 20:08:31.307469   18316 watch.go:31] Failed to load config from \"c:\\\\Users\\\\Mathe\\\\vscode tranalhos\\\\nichofysite\\\\dataconnect\": could not find dataconnect.yaml in `c:\\Users\\Mathe\\vscode tranalhos\\nichofysite\\dataconnect`\n"}}
[debug] [2025-09-29T23:08:41.307Z] E0929 20:08:41.307660   18316 watch.go:31] Failed to load config from "c:\\Users\\Mathe\\vscode tranalhos\\nichofysite\\dataconnect": could not find dataconnect.yaml in `c:\Users\Mathe\vscode tranalhos\nichofysite\dataconnect`
 {"metadata":{"emulator":{"name":"dataconnect"},"message":"E0929 20:08:41.307660   18316 watch.go:31] Failed to load config from \"c:\\\\Users\\\\Mathe\\\\vscode tranalhos\\\\nichofysite\\\\dataconnect\": could not find dataconnect.yaml in `c:\\Users\\Mathe\\vscode tranalhos\\nichofysite\\dataconnect`\n"}}
[debug] [2025-09-29T23:08:52.630Z] E0929 20:08:51.307788   18316 watch.go:31] Failed to load config from "c:\\Users\\Mathe\\vscode tranalhos\\nichofysite\\dataconnect": could not find dataconnect.yaml in `c:\Users\Mathe\vscode tranalhos\nichofysite\dataconnect`
 {"metadata":{"emulator":{"name":"dataconnect"},"message":"E0929 20:08:51.307788   18316 watch.go:31] Failed to load config from \"c:\\\\Users\\\\Mathe\\\\vscode tranalhos\\\\nichofysite\\\\dataconnect\": could not find dataconnect.yaml in `c:\\Users\\Mathe\\vscode tranalhos\\nichofysite\\dataconnect`\n"}}
[debug] [2025-09-29T23:09:01.307Z] E0929 20:09:01.307421   18316 watch.go:31] Failed to load config from "c:\\Users\\Mathe\\vscode tranalhos\\nichofysite\\dataconnect": could not find dataconnect.yaml in `c:\Users\Mathe\vscode tranalhos\nichofysite\dataconnect`
 {"metadata":{"emulator":{"name":"dataconnect"},"message":"E0929 20:09:01.307421   18316 watch.go:31] Failed to load config from \"c:\\\\Users\\\\Mathe\\\\vscode tranalhos\\\\nichofysite\\\\dataconnect\": could not find dataconnect.yaml in `c:\\Users\\Mathe\\vscode tranalhos\\nichofysite\\dataconnect`\n"}}
[debug] [2025-09-29T23:09:11.320Z] E0929 20:09:11.320571   18316 watch.go:31] Failed to load config from "c:\\Users\\Mathe\\vscode tranalhos\\nichofysite\\dataconnect": could not find dataconnect.yaml in `c:\Users\Mathe\vscode tranalhos\nichofysite\dataconnect`
 {"metadata":{"emulator":{"name":"dataconnect"},"message":"E0929 20:09:11.320571   18316 watch.go:31] Failed to load config from \"c:\\\\Users\\\\Mathe\\\\vscode tranalhos\\\\nichofysite\\\\dataconnect\": could not find dataconnect.yaml in `c:\\Users\\Mathe\\vscode tranalhos\\nichofysite\\dataconnect`\n"}}
[debug] [2025-09-29T23:09:21.307Z] E0929 20:09:21.307705   18316 watch.go:31] Failed to load config from "c:\\Users\\Mathe\\vscode tranalhos\\nichofysite\\dataconnect": could not find dataconnect.yaml in `c:\Users\Mathe\vscode tranalhos\nichofysite\dataconnect`
 {"metadata":{"emulator":{"name":"dataconnect"},"message":"E0929 20:09:21.307705   18316 watch.go:31] Failed to load config from \"c:\\\\Users\\\\Mathe\\\\vscode tranalhos\\\\nichofysite\\\\dataconnect\": could not find dataconnect.yaml in `c:\\Users\\Mathe\\vscode tranalhos\\nichofysite\\dataconnect`\n"}}
[debug] [2025-09-29T23:09:31.308Z] E0929 20:09:31.307925   18316 watch.go:31] Failed to load config from "c:\\Users\\Mathe\\vscode tranalhos\\nichofysite\\dataconnect": could not find dataconnect.yaml in `c:\Users\Mathe\vscode tranalhos\nichofysite\dataconnect`
 {"metadata":{"emulator":{"name":"dataconnect"},"message":"E0929 20:09:31.307925   18316 watch.go:31] Failed to load config from \"c:\\\\Users\\\\Mathe\\\\vscode tranalhos\\\\nichofysite\\\\dataconnect\": could not find dataconnect.yaml in `c:\\Users\\Mathe\\vscode tranalhos\\nichofysite\\dataconnect`\n"}}
[debug] [2025-09-29T23:09:41.308Z] E0929 20:09:41.308647   18316 watch.go:31] Failed to load config from "c:\\Users\\Mathe\\vscode tranalhos\\nichofysite\\dataconnect": could not find dataconnect.yaml in `c:\Users\Mathe\vscode tranalhos\nichofysite\dataconnect`
 {"metadata":{"emulator":{"name":"dataconnect"},"message":"E0929 20:09:41.308647   18316 watch.go:31] Failed to load config from \"c:\\\\Users\\\\Mathe\\\\vscode tranalhos\\\\nichofysite\\\\dataconnect\": could not find dataconnect.yaml in `c:\\Users\\Mathe\\vscode tranalhos\\nichofysite\\dataconnect`\n"}}
[debug] [2025-09-29T23:09:51.308Z] E0929 20:09:51.307773   18316 watch.go:31] Failed to load config from "c:\\Users\\Mathe\\vscode tranalhos\\nichofysite\\dataconnect": could not find dataconnect.yaml in `c:\Users\Mathe\vscode tranalhos\nichofysite\dataconnect`
 {"metadata":{"emulator":{"name":"dataconnect"},"message":"E0929 20:09:51.307773   18316 watch.go:31] Failed to load config from \"c:\\\\Users\\\\Mathe\\\\vscode tranalhos\\\\nichofysite\\\\dataconnect\": could not find dataconnect.yaml in `c:\\Users\\Mathe\\vscode tranalhos\\nichofysite\\dataconnect`\n"}}
[debug] [2025-09-29T23:10:01.308Z] E0929 20:10:01.308033   18316 watch.go:31] Failed to load config from "c:\\Users\\Mathe\\vscode tranalhos\\nichofysite\\dataconnect": could not find dataconnect.yaml in `c:\Users\Mathe\vscode tranalhos\nichofysite\dataconnect`
 {"metadata":{"emulator":{"name":"dataconnect"},"message":"E0929 20:10:01.308033   18316 watch.go:31] Failed to load config from \"c:\\\\Users\\\\Mathe\\\\vscode tranalhos\\\\nichofysite\\\\dataconnect\": could not find dataconnect.yaml in `c:\\Users\\Mathe\\vscode tranalhos\\nichofysite\\dataconnect`\n"}}
[debug] [2025-09-29T23:10:01.308Z] E0929 20:10:01.308033   18316 watch.go:102] watchAllDir unable to walk dir `c:\Users\Mathe\vscode tranalhos\nichofysite\dataconnect`: CreateFile c:\Users\Mathe\vscode tranalhos\nichofysite\dataconnect: The system cannot find the file specified.
 {"metadata":{"emulator":{"name":"dataconnect"},"message":"E0929 20:10:01.308033   18316 watch.go:102] watchAllDir unable to walk dir `c:\\Users\\Mathe\\vscode tranalhos\\nichofysite\\dataconnect`: CreateFile c:\\Users\\Mathe\\vscode tranalhos\\nichofysite\\dataconnect: The system cannot find the file specified.\n"}}
[debug] [2025-09-29T23:10:11.311Z] E0929 20:10:11.310747   18316 watch.go:31] Failed to load config from "c:\\Users\\Mathe\\vscode tranalhos\\nichofysite\\dataconnect": could not find dataconnect.yaml in `c:\Users\Mathe\vscode tranalhos\nichofysite\dataconnect`
 {"metadata":{"emulator":{"name":"dataconnect"},"message":"E0929 20:10:11.310747   18316 watch.go:31] Failed to load config from \"c:\\\\Users\\\\Mathe\\\\vscode tranalhos\\\\nichofysite\\\\dataconnect\": could not find dataconnect.yaml in `c:\\Users\\Mathe\\vscode tranalhos\\nichofysite\\dataconnect`\n"}}
[debug] [2025-09-29T23:10:21.307Z] E0929 20:10:21.307182   18316 watch.go:31] Failed to load config from "c:\\Users\\Mathe\\vscode tranalhos\\nichofysite\\dataconnect": could not find dataconnect.yaml in `c:\Users\Mathe\vscode tranalhos\nichofysite\dataconnect`
 {"metadata":{"emulator":{"name":"dataconnect"},"message":"E0929 20:10:21.307182   18316 watch.go:31] Failed to load config from \"c:\\\\Users\\\\Mathe\\\\vscode tranalhos\\\\nichofysite\\\\dataconnect\": could not find dataconnect.yaml in `c:\\Users\\Mathe\\vscode tranalhos\\nichofysite\\dataconnect`\n"}}
[debug] [2025-09-29T23:10:31.308Z] E0929 20:10:31.308411   18316 watch.go:31] Failed to load config from "c:\\Users\\Mathe\\vscode tranalhos\\nichofysite\\dataconnect": could not find dataconnect.yaml in `c:\Users\Mathe\vscode tranalhos\nichofysite\dataconnect`
 {"metadata":{"emulator":{"name":"dataconnect"},"message":"E0929 20:10:31.308411   18316 watch.go:31] Failed to load config from \"c:\\\\Users\\\\Mathe\\\\vscode tranalhos\\\\nichofysite\\\\dataconnect\": could not find dataconnect.yaml in `c:\\Users\\Mathe\\vscode tranalhos\\nichofysite\\dataconnect`\n"}}
[debug] [2025-09-29T23:10:41.307Z] E0929 20:10:41.307521   18316 watch.go:31] Failed to load config from "c:\\Users\\Mathe\\vscode tranalhos\\nichofysite\\dataconnect": could not find dataconnect.yaml in `c:\Users\Mathe\vscode tranalhos\nichofysite\dataconnect`
 {"metadata":{"emulator":{"name":"dataconnect"},"message":"E0929 20:10:41.307521   18316 watch.go:31] Failed to load config from \"c:\\\\Users\\\\Mathe\\\\vscode tranalhos\\\\nichofysite\\\\dataconnect\": could not find dataconnect.yaml in `c:\\Users\\Mathe\\vscode tranalhos\\nichofysite\\dataconnect`\n"}}
[debug] [2025-09-29T23:10:51.307Z] E0929 20:10:51.307692   18316 watch.go:31] Failed to load config from "c:\\Users\\Mathe\\vscode tranalhos\\nichofysite\\dataconnect": could not find dataconnect.yaml in `c:\Users\Mathe\vscode tranalhos\nichofysite\dataconnect`
 {"metadata":{"emulator":{"name":"dataconnect"},"message":"E0929 20:10:51.307692   18316 watch.go:31] Failed to load config from \"c:\\\\Users\\\\Mathe\\\\vscode tranalhos\\\\nichofysite\\\\dataconnect\": could not find dataconnect.yaml in `c:\\Users\\Mathe\\vscode tranalhos\\nichofysite\\dataconnect`\n"}}
[debug] [2025-09-29T23:11:01.308Z] E0929 20:11:01.308029   18316 watch.go:31] Failed to load config from "c:\\Users\\Mathe\\vscode tranalhos\\nichofysite\\dataconnect": could not find dataconnect.yaml in `c:\Users\Mathe\vscode tranalhos\nichofysite\dataconnect`
 {"metadata":{"emulator":{"name":"dataconnect"},"message":"E0929 20:11:01.308029   18316 watch.go:31] Failed to load config from \"c:\\\\Users\\\\Mathe\\\\vscode tranalhos\\\\nichofysite\\\\dataconnect\": could not find dataconnect.yaml in `c:\\Users\\Mathe\\vscode tranalhos\\nichofysite\\dataconnect`\n"}}
[debug] [2025-09-29T23:11:11.307Z] E0929 20:11:11.307844   18316 watch.go:31] Failed to load config from "c:\\Users\\Mathe\\vscode tranalhos\\nichofysite\\dataconnect": could not find dataconnect.yaml in `c:\Users\Mathe\vscode tranalhos\nichofysite\dataconnect`
 {"metadata":{"emulator":{"name":"dataconnect"},"message":"E0929 20:11:11.307844   18316 watch.go:31] Failed to load config from \"c:\\\\Users\\\\Mathe\\\\vscode tranalhos\\\\nichofysite\\\\dataconnect\": could not find dataconnect.yaml in `c:\\Users\\Mathe\\vscode tranalhos\\nichofysite\\dataconnect`\n"}}
[debug] [2025-09-29T23:11:21.307Z] E0929 20:11:21.307819   18316 watch.go:31] Failed to load config from "c:\\Users\\Mathe\\vscode tranalhos\\nichofysite\\dataconnect": could not find dataconnect.yaml in `c:\Users\Mathe\vscode tranalhos\nichofysite\dataconnect`
 {"metadata":{"emulator":{"name":"dataconnect"},"message":"E0929 20:11:21.307819   18316 watch.go:31] Failed to load config from \"c:\\\\Users\\\\Mathe\\\\vscode tranalhos\\\\nichofysite\\\\dataconnect\": could not find dataconnect.yaml in `c:\\Users\\Mathe\\vscode tranalhos\\nichofysite\\dataconnect`\n"}}
[debug] [2025-09-29T23:11:31.307Z] E0929 20:11:31.307630   18316 watch.go:31] Failed to load config from "c:\\Users\\Mathe\\vscode tranalhos\\nichofysite\\dataconnect": could not find dataconnect.yaml in `c:\Users\Mathe\vscode tranalhos\nichofysite\dataconnect`
 {"metadata":{"emulator":{"name":"dataconnect"},"message":"E0929 20:11:31.307630   18316 watch.go:31] Failed to load config from \"c:\\\\Users\\\\Mathe\\\\vscode tranalhos\\\\nichofysite\\\\dataconnect\": could not find dataconnect.yaml in `c:\\Users\\Mathe\\vscode tranalhos\\nichofysite\\dataconnect`\n"}}
[debug] [2025-09-29T23:11:41.308Z] E0929 20:11:41.307700   18316 watch.go:31] Failed to load config from "c:\\Users\\Mathe\\vscode tranalhos\\nichofysite\\dataconnect": could not find dataconnect.yaml in `c:\Users\Mathe\vscode tranalhos\nichofysite\dataconnect`
 {"metadata":{"emulator":{"name":"dataconnect"},"message":"E0929 20:11:41.307700   18316 watch.go:31] Failed to load config from \"c:\\\\Users\\\\Mathe\\\\vscode tranalhos\\\\nichofysite\\\\dataconnect\": could not find dataconnect.yaml in `c:\\Users\\Mathe\\vscode tranalhos\\nichofysite\\dataconnect`\n"}}
[debug] [2025-09-29T23:11:51.308Z] E0929 20:11:51.307562   18316 watch.go:31] Failed to load config from "c:\\Users\\Mathe\\vscode tranalhos\\nichofysite\\dataconnect": could not find dataconnect.yaml in `c:\Users\Mathe\vscode tranalhos\nichofysite\dataconnect`
 {"metadata":{"emulator":{"name":"dataconnect"},"message":"E0929 20:11:51.307562   18316 watch.go:31] Failed to load config from \"c:\\\\Users\\\\Mathe\\\\vscode tranalhos\\\\nichofysite\\\\dataconnect\": could not find dataconnect.yaml in `c:\\Users\\Mathe\\vscode tranalhos\\nichofysite\\dataconnect`\n"}}
[debug] [2025-09-29T23:12:01.307Z] E0929 20:12:01.307530   18316 watch.go:31] Failed to load config from "c:\\Users\\Mathe\\vscode tranalhos\\nichofysite\\dataconnect": could not find dataconnect.yaml in `c:\Users\Mathe\vscode tranalhos\nichofysite\dataconnect`
 {"metadata":{"emulator":{"name":"dataconnect"},"message":"E0929 20:12:01.307530   18316 watch.go:31] Failed to load config from \"c:\\\\Users\\\\Mathe\\\\vscode tranalhos\\\\nichofysite\\\\dataconnect\": could not find dataconnect.yaml in `c:\\Users\\Mathe\\vscode tranalhos\\nichofysite\\dataconnect`\n"}}
[debug] [2025-09-29T23:12:01.308Z] E0929 20:12:01.308035   18316 watch.go:102] watchAllDir unable to walk dir `c:\Users\Mathe\vscode tranalhos\nichofysite\dataconnect`: CreateFile c:\Users\Mathe\vscode tranalhos\nichofysite\dataconnect: The system cannot find the file specified.
 {"metadata":{"emulator":{"name":"dataconnect"},"message":"E0929 20:12:01.308035   18316 watch.go:102] watchAllDir unable to walk dir `c:\\Users\\Mathe\\vscode tranalhos\\nichofysite\\dataconnect`: CreateFile c:\\Users\\Mathe\\vscode tranalhos\\nichofysite\\dataconnect: The system cannot find the file specified.\n"}}
[debug] [2025-09-29T23:12:11.307Z] E0929 20:12:11.307988   18316 watch.go:31] Failed to load config from "c:\\Users\\Mathe\\vscode tranalhos\\nichofysite\\dataconnect": could not find dataconnect.yaml in `c:\Users\Mathe\vscode tranalhos\nichofysite\dataconnect`
 {"metadata":{"emulator":{"name":"dataconnect"},"message":"E0929 20:12:11.307988   18316 watch.go:31] Failed to load config from \"c:\\\\Users\\\\Mathe\\\\vscode tranalhos\\\\nichofysite\\\\dataconnect\": could not find dataconnect.yaml in `c:\\Users\\Mathe\\vscode tranalhos\\nichofysite\\dataconnect`\n"}}
[debug] [2025-09-29T23:12:21.308Z] E0929 20:12:21.307830   18316 watch.go:31] Failed to load config from "c:\\Users\\Mathe\\vscode tranalhos\\nichofysite\\dataconnect": could not find dataconnect.yaml in `c:\Users\Mathe\vscode tranalhos\nichofysite\dataconnect`
 {"metadata":{"emulator":{"name":"dataconnect"},"message":"E0929 20:12:21.307830   18316 watch.go:31] Failed to load config from \"c:\\\\Users\\\\Mathe\\\\vscode tranalhos\\\\nichofysite\\\\dataconnect\": could not find dataconnect.yaml in `c:\\Users\\Mathe\\vscode tranalhos\\nichofysite\\dataconnect`\n"}}
[debug] [2025-09-29T23:12:31.307Z] E0929 20:12:31.307740   18316 watch.go:31] Failed to load config from "c:\\Users\\Mathe\\vscode tranalhos\\nichofysite\\dataconnect": could not find dataconnect.yaml in `c:\Users\Mathe\vscode tranalhos\nichofysite\dataconnect`
 {"metadata":{"emulator":{"name":"dataconnect"},"message":"E0929 20:12:31.307740   18316 watch.go:31] Failed to load config from \"c:\\\\Users\\\\Mathe\\\\vscode tranalhos\\\\nichofysite\\\\dataconnect\": could not find dataconnect.yaml in `c:\\Users\\Mathe\\vscode tranalhos\\nichofysite\\dataconnect`\n"}}
[debug] [2025-09-29T23:12:41.307Z] E0929 20:12:41.307586   18316 watch.go:31] Failed to load config from "c:\\Users\\Mathe\\vscode tranalhos\\nichofysite\\dataconnect": could not find dataconnect.yaml in `c:\Users\Mathe\vscode tranalhos\nichofysite\dataconnect`
 {"metadata":{"emulator":{"name":"dataconnect"},"message":"E0929 20:12:41.307586   18316 watch.go:31] Failed to load config from \"c:\\\\Users\\\\Mathe\\\\vscode tranalhos\\\\nichofysite\\\\dataconnect\": could not find dataconnect.yaml in `c:\\Users\\Mathe\\vscode tranalhos\\nichofysite\\dataconnect`\n"}}
[debug] [2025-09-29T23:12:51.307Z] E0929 20:12:51.307904   18316 watch.go:31] Failed to load config from "c:\\Users\\Mathe\\vscode tranalhos\\nichofysite\\dataconnect": could not find dataconnect.yaml in `c:\Users\Mathe\vscode tranalhos\nichofysite\dataconnect`
 {"metadata":{"emulator":{"name":"dataconnect"},"message":"E0929 20:12:51.307904   18316 watch.go:31] Failed to load config from \"c:\\\\Users\\\\Mathe\\\\vscode tranalhos\\\\nichofysite\\\\dataconnect\": could not find dataconnect.yaml in `c:\\Users\\Mathe\\vscode tranalhos\\nichofysite\\dataconnect`\n"}}
[debug] [2025-09-29T23:13:01.307Z] E0929 20:13:01.307685   18316 watch.go:31] Failed to load config from "c:\\Users\\Mathe\\vscode tranalhos\\nichofysite\\dataconnect": could not find dataconnect.yaml in `c:\Users\Mathe\vscode tranalhos\nichofysite\dataconnect`
 {"metadata":{"emulator":{"name":"dataconnect"},"message":"E0929 20:13:01.307685   18316 watch.go:31] Failed to load config from \"c:\\\\Users\\\\Mathe\\\\vscode tranalhos\\\\nichofysite\\\\dataconnect\": could not find dataconnect.yaml in `c:\\Users\\Mathe\\vscode tranalhos\\nichofysite\\dataconnect`\n"}}
[debug] [2025-09-29T23:13:11.307Z] E0929 20:13:11.307551   18316 watch.go:31] Failed to load config from "c:\\Users\\Mathe\\vscode tranalhos\\nichofysite\\dataconnect": could not find dataconnect.yaml in `c:\Users\Mathe\vscode tranalhos\nichofysite\dataconnect`
 {"metadata":{"emulator":{"name":"dataconnect"},"message":"E0929 20:13:11.307551   18316 watch.go:31] Failed to load config from \"c:\\\\Users\\\\Mathe\\\\vscode tranalhos\\\\nichofysite\\\\dataconnect\": could not find dataconnect.yaml in `c:\\Users\\Mathe\\vscode tranalhos\\nichofysite\\dataconnect`\n"}}
[debug] [2025-09-29T23:13:21.307Z] E0929 20:13:21.307354   18316 watch.go:31] Failed to load config from "c:\\Users\\Mathe\\vscode tranalhos\\nichofysite\\dataconnect": could not find dataconnect.yaml in `c:\Users\Mathe\vscode tranalhos\nichofysite\dataconnect`
 {"metadata":{"emulator":{"name":"dataconnect"},"message":"E0929 20:13:21.307354   18316 watch.go:31] Failed to load config from \"c:\\\\Users\\\\Mathe\\\\vscode tranalhos\\\\nichofysite\\\\dataconnect\": could not find dataconnect.yaml in `c:\\Users\\Mathe\\vscode tranalhos\\nichofysite\\dataconnect`\n"}}
[debug] [2025-09-29T23:13:31.307Z] E0929 20:13:31.307271   18316 watch.go:31] Failed to load config from "c:\\Users\\Mathe\\vscode tranalhos\\nichofysite\\dataconnect": could not find dataconnect.yaml in `c:\Users\Mathe\vscode tranalhos\nichofysite\dataconnect`
 {"metadata":{"emulator":{"name":"dataconnect"},"message":"E0929 20:13:31.307271   18316 watch.go:31] Failed to load config from \"c:\\\\Users\\\\Mathe\\\\vscode tranalhos\\\\nichofysite\\\\dataconnect\": could not find dataconnect.yaml in `c:\\Users\\Mathe\\vscode tranalhos\\nichofysite\\dataconnect`\n"}}
[debug] [2025-09-29T23:13:41.294Z] E0929 20:13:41.307473   18316 watch.go:31] Failed to load config from "c:\\Users\\Mathe\\vscode tranalhos\\nichofysite\\dataconnect": could not find dataconnect.yaml in `c:\Users\Mathe\vscode tranalhos\nichofysite\dataconnect`
 {"metadata":{"emulator":{"name":"dataconnect"},"message":"E0929 20:13:41.307473   18316 watch.go:31] Failed to load config from \"c:\\\\Users\\\\Mathe\\\\vscode tranalhos\\\\nichofysite\\\\dataconnect\": could not find dataconnect.yaml in `c:\\Users\\Mathe\\vscode tranalhos\\nichofysite\\dataconnect`\n"}}
[debug] [2025-09-29T23:13:51.305Z] E0929 20:13:51.318460   18316 watch.go:31] Failed to load config from "c:\\Users\\Mathe\\vscode tranalhos\\nichofysite\\dataconnect": could not find dataconnect.yaml in `c:\Users\Mathe\vscode tranalhos\nichofysite\dataconnect`
 {"metadata":{"emulator":{"name":"dataconnect"},"message":"E0929 20:13:51.318460   18316 watch.go:31] Failed to load config from \"c:\\\\Users\\\\Mathe\\\\vscode tranalhos\\\\nichofysite\\\\dataconnect\": could not find dataconnect.yaml in `c:\\Users\\Mathe\\vscode tranalhos\\nichofysite\\dataconnect`\n"}}
[debug] [2025-09-29T23:14:01.297Z] E0929 20:14:01.310514   18316 watch.go:31] Failed to load config from "c:\\Users\\Mathe\\vscode tranalhos\\nichofysite\\dataconnect": could not find dataconnect.yaml in `c:\Users\Mathe\vscode tranalhos\nichofysite\dataconnect`
E0929 20:14:01.310514   18316 watch.go:102] watchAllDir unable to walk dir `c:\Users\Mathe\vscode tranalhos\nichofysite\dataconnect`: CreateFile c:\Users\Mathe\vscode tranalhos\nichofysite\dataconnect: The system cannot find the file specified.
 {"metadata":{"emulator":{"name":"dataconnect"},"message":"E0929 20:14:01.310514   18316 watch.go:31] Failed to load config from \"c:\\\\Users\\\\Mathe\\\\vscode tranalhos\\\\nichofysite\\\\dataconnect\": could not find dataconnect.yaml in `c:\\Users\\Mathe\\vscode tranalhos\\nichofysite\\dataconnect`\nE0929 20:14:01.310514   18316 watch.go:102] watchAllDir unable to walk dir `c:\\Users\\Mathe\\vscode tranalhos\\nichofysite\\dataconnect`: CreateFile c:\\Users\\Mathe\\vscode tranalhos\\nichofysite\\dataconnect: The system cannot find the file specified.\n"}}
[debug] [2025-09-29T23:14:11.294Z] E0929 20:14:11.307973   18316 watch.go:31] Failed to load config from "c:\\Users\\Mathe\\vscode tranalhos\\nichofysite\\dataconnect": could not find dataconnect.yaml in `c:\Users\Mathe\vscode tranalhos\nichofysite\dataconnect`
 {"metadata":{"emulator":{"name":"dataconnect"},"message":"E0929 20:14:11.307973   18316 watch.go:31] Failed to load config from \"c:\\\\Users\\\\Mathe\\\\vscode tranalhos\\\\nichofysite\\\\dataconnect\": could not find dataconnect.yaml in `c:\\Users\\Mathe\\vscode tranalhos\\nichofysite\\dataconnect`\n"}}
[debug] [2025-09-29T23:14:21.295Z] E0929 20:14:21.308462   18316 watch.go:31] Failed to load config from "c:\\Users\\Mathe\\vscode tranalhos\\nichofysite\\dataconnect": could not find dataconnect.yaml in `c:\Users\Mathe\vscode tranalhos\nichofysite\dataconnect`
 {"metadata":{"emulator":{"name":"dataconnect"},"message":"E0929 20:14:21.308462   18316 watch.go:31] Failed to load config from \"c:\\\\Users\\\\Mathe\\\\vscode tranalhos\\\\nichofysite\\\\dataconnect\": could not find dataconnect.yaml in `c:\\Users\\Mathe\\vscode tranalhos\\nichofysite\\dataconnect`\n"}}
[debug] [2025-09-29T23:14:31.294Z] E0929 20:14:31.307718   18316 watch.go:31] Failed to load config from "c:\\Users\\Mathe\\vscode tranalhos\\nichofysite\\dataconnect": could not find dataconnect.yaml in `c:\Users\Mathe\vscode tranalhos\nichofysite\dataconnect`
 {"metadata":{"emulator":{"name":"dataconnect"},"message":"E0929 20:14:31.307718   18316 watch.go:31] Failed to load config from \"c:\\\\Users\\\\Mathe\\\\vscode tranalhos\\\\nichofysite\\\\dataconnect\": could not find dataconnect.yaml in `c:\\Users\\Mathe\\vscode tranalhos\\nichofysite\\dataconnect`\n"}}
[debug] [2025-09-29T23:14:41.297Z] E0929 20:14:41.307478   18316 watch.go:31] Failed to load config from "c:\\Users\\Mathe\\vscode tranalhos\\nichofysite\\dataconnect": could not find dataconnect.yaml in `c:\Users\Mathe\vscode tranalhos\nichofysite\dataconnect`
 {"metadata":{"emulator":{"name":"dataconnect"},"message":"E0929 20:14:41.307478   18316 watch.go:31] Failed to load config from \"c:\\\\Users\\\\Mathe\\\\vscode tranalhos\\\\nichofysite\\\\dataconnect\": could not find dataconnect.yaml in `c:\\Users\\Mathe\\vscode tranalhos\\nichofysite\\dataconnect`\n"}}
[debug] [2025-09-29T23:14:51.302Z] E0929 20:14:51.312800   18316 watch.go:31] Failed to load config from "c:\\Users\\Mathe\\vscode tranalhos\\nichofysite\\dataconnect": could not find dataconnect.yaml in `c:\Users\Mathe\vscode tranalhos\nichofysite\dataconnect`
 {"metadata":{"emulator":{"name":"dataconnect"},"message":"E0929 20:14:51.312800   18316 watch.go:31] Failed to load config from \"c:\\\\Users\\\\Mathe\\\\vscode tranalhos\\\\nichofysite\\\\dataconnect\": could not find dataconnect.yaml in `c:\\Users\\Mathe\\vscode tranalhos\\nichofysite\\dataconnect`\n"}}
[debug] [2025-09-29T23:15:01.316Z] E0929 20:15:01.325748   18316 watch.go:31] Failed to load config from "c:\\Users\\Mathe\\vscode tranalhos\\nichofysite\\dataconnect": could not find dataconnect.yaml in `c:\Users\Mathe\vscode tranalhos\nichofysite\dataconnect`
 {"metadata":{"emulator":{"name":"dataconnect"},"message":"E0929 20:15:01.325748   18316 watch.go:31] Failed to load config from \"c:\\\\Users\\\\Mathe\\\\vscode tranalhos\\\\nichofysite\\\\dataconnect\": could not find dataconnect.yaml in `c:\\Users\\Mathe\\vscode tranalhos\\nichofysite\\dataconnect`\n"}}
[debug] [2025-09-29T23:15:11.297Z] E0929 20:15:11.308122   18316 watch.go:31] Failed to load config from "c:\\Users\\Mathe\\vscode tranalhos\\nichofysite\\dataconnect": could not find dataconnect.yaml in `c:\Users\Mathe\vscode tranalhos\nichofysite\dataconnect`
 {"metadata":{"emulator":{"name":"dataconnect"},"message":"E0929 20:15:11.308122   18316 watch.go:31] Failed to load config from \"c:\\\\Users\\\\Mathe\\\\vscode tranalhos\\\\nichofysite\\\\dataconnect\": could not find dataconnect.yaml in `c:\\Users\\Mathe\\vscode tranalhos\\nichofysite\\dataconnect`\n"}}
[debug] [2025-09-29T23:15:21.297Z] E0929 20:15:21.307811   18316 watch.go:31] Failed to load config from "c:\\Users\\Mathe\\vscode tranalhos\\nichofysite\\dataconnect": could not find dataconnect.yaml in `c:\Users\Mathe\vscode tranalhos\nichofysite\dataconnect`
 {"metadata":{"emulator":{"name":"dataconnect"},"message":"E0929 20:15:21.307811   18316 watch.go:31] Failed to load config from \"c:\\\\Users\\\\Mathe\\\\vscode tranalhos\\\\nichofysite\\\\dataconnect\": could not find dataconnect.yaml in `c:\\Users\\Mathe\\vscode tranalhos\\nichofysite\\dataconnect`\n"}}
[debug] [2025-09-29T23:15:31.297Z] E0929 20:15:31.307719   18316 watch.go:31] Failed to load config from "c:\\Users\\Mathe\\vscode tranalhos\\nichofysite\\dataconnect": could not find dataconnect.yaml in `c:\Users\Mathe\vscode tranalhos\nichofysite\dataconnect`
 {"metadata":{"emulator":{"name":"dataconnect"},"message":"E0929 20:15:31.307719   18316 watch.go:31] Failed to load config from \"c:\\\\Users\\\\Mathe\\\\vscode tranalhos\\\\nichofysite\\\\dataconnect\": could not find dataconnect.yaml in `c:\\Users\\Mathe\\vscode tranalhos\\nichofysite\\dataconnect`\n"}}
[debug] [2025-09-29T23:15:41.307Z] E0929 20:15:41.307713   18316 watch.go:31] Failed to load config from "c:\\Users\\Mathe\\vscode tranalhos\\nichofysite\\dataconnect": could not find dataconnect.yaml in `c:\Users\Mathe\vscode tranalhos\nichofysite\dataconnect`
 {"metadata":{"emulator":{"name":"dataconnect"},"message":"E0929 20:15:41.307713   18316 watch.go:31] Failed to load config from \"c:\\\\Users\\\\Mathe\\\\vscode tranalhos\\\\nichofysite\\\\dataconnect\": could not find dataconnect.yaml in `c:\\Users\\Mathe\\vscode tranalhos\\nichofysite\\dataconnect`\n"}}
[debug] [2025-09-29T23:15:51.307Z] E0929 20:15:51.307316   18316 watch.go:31] Failed to load config from "c:\\Users\\Mathe\\vscode tranalhos\\nichofysite\\dataconnect": could not find dataconnect.yaml in `c:\Users\Mathe\vscode tranalhos\nichofysite\dataconnect`
 {"metadata":{"emulator":{"name":"dataconnect"},"message":"E0929 20:15:51.307316   18316 watch.go:31] Failed to load config from \"c:\\\\Users\\\\Mathe\\\\vscode tranalhos\\\\nichofysite\\\\dataconnect\": could not find dataconnect.yaml in `c:\\Users\\Mathe\\vscode tranalhos\\nichofysite\\dataconnect`\n"}}
[debug] [2025-09-29T23:16:01.307Z] E0929 20:16:01.307351   18316 watch.go:31] Failed to load config from "c:\\Users\\Mathe\\vscode tranalhos\\nichofysite\\dataconnect": could not find dataconnect.yaml in `c:\Users\Mathe\vscode tranalhos\nichofysite\dataconnect`
 {"metadata":{"emulator":{"name":"dataconnect"},"message":"E0929 20:16:01.307351   18316 watch.go:31] Failed to load config from \"c:\\\\Users\\\\Mathe\\\\vscode tranalhos\\\\nichofysite\\\\dataconnect\": could not find dataconnect.yaml in `c:\\Users\\Mathe\\vscode tranalhos\\nichofysite\\dataconnect`\n"}}
[debug] [2025-09-29T23:16:01.308Z] E0929 20:16:01.307351   18316 watch.go:102] watchAllDir unable to walk dir `c:\Users\Mathe\vscode tranalhos\nichofysite\dataconnect`: CreateFile c:\Users\Mathe\vscode tranalhos\nichofysite\dataconnect: The system cannot find the file specified.
 {"metadata":{"emulator":{"name":"dataconnect"},"message":"E0929 20:16:01.307351   18316 watch.go:102] watchAllDir unable to walk dir `c:\\Users\\Mathe\\vscode tranalhos\\nichofysite\\dataconnect`: CreateFile c:\\Users\\Mathe\\vscode tranalhos\\nichofysite\\dataconnect: The system cannot find the file specified.\n"}}
[debug] [2025-09-29T23:16:11.307Z] E0929 20:16:11.307617   18316 watch.go:31] Failed to load config from "c:\\Users\\Mathe\\vscode tranalhos\\nichofysite\\dataconnect": could not find dataconnect.yaml in `c:\Users\Mathe\vscode tranalhos\nichofysite\dataconnect`
 {"metadata":{"emulator":{"name":"dataconnect"},"message":"E0929 20:16:11.307617   18316 watch.go:31] Failed to load config from \"c:\\\\Users\\\\Mathe\\\\vscode tranalhos\\\\nichofysite\\\\dataconnect\": could not find dataconnect.yaml in `c:\\Users\\Mathe\\vscode tranalhos\\nichofysite\\dataconnect`\n"}}
[debug] [2025-09-29T23:16:21.307Z] E0929 20:16:21.307961   18316 watch.go:31] Failed to load config from "c:\\Users\\Mathe\\vscode tranalhos\\nichofysite\\dataconnect": could not find dataconnect.yaml in `c:\Users\Mathe\vscode tranalhos\nichofysite\dataconnect`
 {"metadata":{"emulator":{"name":"dataconnect"},"message":"E0929 20:16:21.307961   18316 watch.go:31] Failed to load config from \"c:\\\\Users\\\\Mathe\\\\vscode tranalhos\\\\nichofysite\\\\dataconnect\": could not find dataconnect.yaml in `c:\\Users\\Mathe\\vscode tranalhos\\nichofysite\\dataconnect`\n"}}
[debug] [2025-09-29T23:16:31.307Z] E0929 20:16:31.307692   18316 watch.go:31] Failed to load config from "c:\\Users\\Mathe\\vscode tranalhos\\nichofysite\\dataconnect": could not find dataconnect.yaml in `c:\Users\Mathe\vscode tranalhos\nichofysite\dataconnect`
 {"metadata":{"emulator":{"name":"dataconnect"},"message":"E0929 20:16:31.307692   18316 watch.go:31] Failed to load config from \"c:\\\\Users\\\\Mathe\\\\vscode tranalhos\\\\nichofysite\\\\dataconnect\": could not find dataconnect.yaml in `c:\\Users\\Mathe\\vscode tranalhos\\nichofysite\\dataconnect`\n"}}
[debug] [2025-09-29T23:16:41.307Z] E0929 20:16:41.307756   18316 watch.go:31] Failed to load config from "c:\\Users\\Mathe\\vscode tranalhos\\nichofysite\\dataconnect": could not find dataconnect.yaml in `c:\Users\Mathe\vscode tranalhos\nichofysite\dataconnect`
 {"metadata":{"emulator":{"name":"dataconnect"},"message":"E0929 20:16:41.307756   18316 watch.go:31] Failed to load config from \"c:\\\\Users\\\\Mathe\\\\vscode tranalhos\\\\nichofysite\\\\dataconnect\": could not find dataconnect.yaml in `c:\\Users\\Mathe\\vscode tranalhos\\nichofysite\\dataconnect`\n"}}
[debug] [2025-09-29T23:16:51.307Z] E0929 20:16:51.307349   18316 watch.go:31] Failed to load config from "c:\\Users\\Mathe\\vscode tranalhos\\nichofysite\\dataconnect": could not find dataconnect.yaml in `c:\Users\Mathe\vscode tranalhos\nichofysite\dataconnect`
 {"metadata":{"emulator":{"name":"dataconnect"},"message":"E0929 20:16:51.307349   18316 watch.go:31] Failed to load config from \"c:\\\\Users\\\\Mathe\\\\vscode tranalhos\\\\nichofysite\\\\dataconnect\": could not find dataconnect.yaml in `c:\\Users\\Mathe\\vscode tranalhos\\nichofysite\\dataconnect`\n"}}
[debug] [2025-09-29T23:17:01.307Z] E0929 20:17:01.307313   18316 watch.go:31] Failed to load config from "c:\\Users\\Mathe\\vscode tranalhos\\nichofysite\\dataconnect": could not find dataconnect.yaml in `c:\Users\Mathe\vscode tranalhos\nichofysite\dataconnect`
 {"metadata":{"emulator":{"name":"dataconnect"},"message":"E0929 20:17:01.307313   18316 watch.go:31] Failed to load config from \"c:\\\\Users\\\\Mathe\\\\vscode tranalhos\\\\nichofysite\\\\dataconnect\": could not find dataconnect.yaml in `c:\\Users\\Mathe\\vscode tranalhos\\nichofysite\\dataconnect`\n"}}
[debug] [2025-09-29T23:17:11.308Z] E0929 20:17:11.307567   18316 watch.go:31] Failed to load config from "c:\\Users\\Mathe\\vscode tranalhos\\nichofysite\\dataconnect": could not find dataconnect.yaml in `c:\Users\Mathe\vscode tranalhos\nichofysite\dataconnect`
 {"metadata":{"emulator":{"name":"dataconnect"},"message":"E0929 20:17:11.307567   18316 watch.go:31] Failed to load config from \"c:\\\\Users\\\\Mathe\\\\vscode tranalhos\\\\nichofysite\\\\dataconnect\": could not find dataconnect.yaml in `c:\\Users\\Mathe\\vscode tranalhos\\nichofysite\\dataconnect`\n"}}
[debug] [2025-09-29T23:17:21.341Z] E0929 20:17:21.307771   18316 watch.go:31] Failed to load config from "c:\\Users\\Mathe\\vscode tranalhos\\nichofysite\\dataconnect": could not find dataconnect.yaml in `c:\Users\Mathe\vscode tranalhos\nichofysite\dataconnect`
 {"metadata":{"emulator":{"name":"dataconnect"},"message":"E0929 20:17:21.307771   18316 watch.go:31] Failed to load config from \"c:\\\\Users\\\\Mathe\\\\vscode tranalhos\\\\nichofysite\\\\dataconnect\": could not find dataconnect.yaml in `c:\\Users\\Mathe\\vscode tranalhos\\nichofysite\\dataconnect`\n"}}
[debug] [2025-09-29T23:17:31.308Z] E0929 20:17:31.308116   18316 watch.go:31] Failed to load config from "c:\\Users\\Mathe\\vscode tranalhos\\nichofysite\\dataconnect": could not find dataconnect.yaml in `c:\Users\Mathe\vscode tranalhos\nichofysite\dataconnect`
 {"metadata":{"emulator":{"name":"dataconnect"},"message":"E0929 20:17:31.308116   18316 watch.go:31] Failed to load config from \"c:\\\\Users\\\\Mathe\\\\vscode tranalhos\\\\nichofysite\\\\dataconnect\": could not find dataconnect.yaml in `c:\\Users\\Mathe\\vscode tranalhos\\nichofysite\\dataconnect`\n"}}
[debug] [2025-09-29T23:17:41.307Z] E0929 20:17:41.307338   18316 watch.go:31] Failed to load config from "c:\\Users\\Mathe\\vscode tranalhos\\nichofysite\\dataconnect": could not find dataconnect.yaml in `c:\Users\Mathe\vscode tranalhos\nichofysite\dataconnect`
 {"metadata":{"emulator":{"name":"dataconnect"},"message":"E0929 20:17:41.307338   18316 watch.go:31] Failed to load config from \"c:\\\\Users\\\\Mathe\\\\vscode tranalhos\\\\nichofysite\\\\dataconnect\": could not find dataconnect.yaml in `c:\\Users\\Mathe\\vscode tranalhos\\nichofysite\\dataconnect`\n"}}
[debug] [2025-09-29T23:17:51.307Z] E0929 20:17:51.307567   18316 watch.go:31] Failed to load config from "c:\\Users\\Mathe\\vscode tranalhos\\nichofysite\\dataconnect": could not find dataconnect.yaml in `c:\Users\Mathe\vscode tranalhos\nichofysite\dataconnect`
 {"metadata":{"emulator":{"name":"dataconnect"},"message":"E0929 20:17:51.307567   18316 watch.go:31] Failed to load config from \"c:\\\\Users\\\\Mathe\\\\vscode tranalhos\\\\nichofysite\\\\dataconnect\": could not find dataconnect.yaml in `c:\\Users\\Mathe\\vscode tranalhos\\nichofysite\\dataconnect`\n"}}
[debug] [2025-09-29T23:18:01.309Z] E0929 20:18:01.309138   18316 watch.go:31] Failed to load config from "c:\\Users\\Mathe\\vscode tranalhos\\nichofysite\\dataconnect": could not find dataconnect.yaml in `c:\Users\Mathe\vscode tranalhos\nichofysite\dataconnect`
E0929 20:18:01.309138   18316 watch.go:102] watchAllDir unable to walk dir `c:\Users\Mathe\vscode tranalhos\nichofysite\dataconnect`: CreateFile c:\Users\Mathe\vscode tranalhos\nichofysite\dataconnect: The system cannot find the file specified.
 {"metadata":{"emulator":{"name":"dataconnect"},"message":"E0929 20:18:01.309138   18316 watch.go:31] Failed to load config from \"c:\\\\Users\\\\Mathe\\\\vscode tranalhos\\\\nichofysite\\\\dataconnect\": could not find dataconnect.yaml in `c:\\Users\\Mathe\\vscode tranalhos\\nichofysite\\dataconnect`\nE0929 20:18:01.309138   18316 watch.go:102] watchAllDir unable to walk dir `c:\\Users\\Mathe\\vscode tranalhos\\nichofysite\\dataconnect`: CreateFile c:\\Users\\Mathe\\vscode tranalhos\\nichofysite\\dataconnect: The system cannot find the file specified.\n"}}
[debug] [2025-09-29T23:18:11.307Z] E0929 20:18:11.307412   18316 watch.go:31] Failed to load config from "c:\\Users\\Mathe\\vscode tranalhos\\nichofysite\\dataconnect": could not find dataconnect.yaml in `c:\Users\Mathe\vscode tranalhos\nichofysite\dataconnect`
 {"metadata":{"emulator":{"name":"dataconnect"},"message":"E0929 20:18:11.307412   18316 watch.go:31] Failed to load config from \"c:\\\\Users\\\\Mathe\\\\vscode tranalhos\\\\nichofysite\\\\dataconnect\": could not find dataconnect.yaml in `c:\\Users\\Mathe\\vscode tranalhos\\nichofysite\\dataconnect`\n"}}
[debug] [2025-09-29T23:18:21.307Z] E0929 20:18:21.307453   18316 watch.go:31] Failed to load config from "c:\\Users\\Mathe\\vscode tranalhos\\nichofysite\\dataconnect": could not find dataconnect.yaml in `c:\Users\Mathe\vscode tranalhos\nichofysite\dataconnect`
 {"metadata":{"emulator":{"name":"dataconnect"},"message":"E0929 20:18:21.307453   18316 watch.go:31] Failed to load config from \"c:\\\\Users\\\\Mathe\\\\vscode tranalhos\\\\nichofysite\\\\dataconnect\": could not find dataconnect.yaml in `c:\\Users\\Mathe\\vscode tranalhos\\nichofysite\\dataconnect`\n"}}
[debug] [2025-09-29T23:18:31.307Z] E0929 20:18:31.307550   18316 watch.go:31] Failed to load config from "c:\\Users\\Mathe\\vscode tranalhos\\nichofysite\\dataconnect": could not find dataconnect.yaml in `c:\Users\Mathe\vscode tranalhos\nichofysite\dataconnect`
 {"metadata":{"emulator":{"name":"dataconnect"},"message":"E0929 20:18:31.307550   18316 watch.go:31] Failed to load config from \"c:\\\\Users\\\\Mathe\\\\vscode tranalhos\\\\nichofysite\\\\dataconnect\": could not find dataconnect.yaml in `c:\\Users\\Mathe\\vscode tranalhos\\nichofysite\\dataconnect`\n"}}
[debug] [2025-09-29T23:18:41.307Z] E0929 20:18:41.307497   18316 watch.go:31] Failed to load config from "c:\\Users\\Mathe\\vscode tranalhos\\nichofysite\\dataconnect": could not find dataconnect.yaml in `c:\Users\Mathe\vscode tranalhos\nichofysite\dataconnect`
 {"metadata":{"emulator":{"name":"dataconnect"},"message":"E0929 20:18:41.307497   18316 watch.go:31] Failed to load config from \"c:\\\\Users\\\\Mathe\\\\vscode tranalhos\\\\nichofysite\\\\dataconnect\": could not find dataconnect.yaml in `c:\\Users\\Mathe\\vscode tranalhos\\nichofysite\\dataconnect`\n"}}
[debug] [2025-09-29T23:18:51.307Z] E0929 20:18:51.307228   18316 watch.go:31] Failed to load config from "c:\\Users\\Mathe\\vscode tranalhos\\nichofysite\\dataconnect": could not find dataconnect.yaml in `c:\Users\Mathe\vscode tranalhos\nichofysite\dataconnect`
 {"metadata":{"emulator":{"name":"dataconnect"},"message":"E0929 20:18:51.307228   18316 watch.go:31] Failed to load config from \"c:\\\\Users\\\\Mathe\\\\vscode tranalhos\\\\nichofysite\\\\dataconnect\": could not find dataconnect.yaml in `c:\\Users\\Mathe\\vscode tranalhos\\nichofysite\\dataconnect`\n"}}
[debug] [2025-09-29T23:19:01.308Z] E0929 20:19:01.307736   18316 watch.go:31] Failed to load config from "c:\\Users\\Mathe\\vscode tranalhos\\nichofysite\\dataconnect": could not find dataconnect.yaml in `c:\Users\Mathe\vscode tranalhos\nichofysite\dataconnect`
 {"metadata":{"emulator":{"name":"dataconnect"},"message":"E0929 20:19:01.307736   18316 watch.go:31] Failed to load config from \"c:\\\\Users\\\\Mathe\\\\vscode tranalhos\\\\nichofysite\\\\dataconnect\": could not find dataconnect.yaml in `c:\\Users\\Mathe\\vscode tranalhos\\nichofysite\\dataconnect`\n"}}
[debug] [2025-09-29T23:19:11.308Z] E0929 20:19:11.307921   18316 watch.go:31] Failed to load config from "c:\\Users\\Mathe\\vscode tranalhos\\nichofysite\\dataconnect": could not find dataconnect.yaml in `c:\Users\Mathe\vscode tranalhos\nichofysite\dataconnect`
 {"metadata":{"emulator":{"name":"dataconnect"},"message":"E0929 20:19:11.307921   18316 watch.go:31] Failed to load config from \"c:\\\\Users\\\\Mathe\\\\vscode tranalhos\\\\nichofysite\\\\dataconnect\": could not find dataconnect.yaml in `c:\\Users\\Mathe\\vscode tranalhos\\nichofysite\\dataconnect`\n"}}
[debug] [2025-09-29T23:19:21.307Z] E0929 20:19:21.307489   18316 watch.go:31] Failed to load config from "c:\\Users\\Mathe\\vscode tranalhos\\nichofysite\\dataconnect": could not find dataconnect.yaml in `c:\Users\Mathe\vscode tranalhos\nichofysite\dataconnect`
 {"metadata":{"emulator":{"name":"dataconnect"},"message":"E0929 20:19:21.307489   18316 watch.go:31] Failed to load config from \"c:\\\\Users\\\\Mathe\\\\vscode tranalhos\\\\nichofysite\\\\dataconnect\": could not find dataconnect.yaml in `c:\\Users\\Mathe\\vscode tranalhos\\nichofysite\\dataconnect`\n"}}
[debug] [2025-09-29T23:19:31.308Z] E0929 20:19:31.307762   18316 watch.go:31] Failed to load config from "c:\\Users\\Mathe\\vscode tranalhos\\nichofysite\\dataconnect": could not find dataconnect.yaml in `c:\Users\Mathe\vscode tranalhos\nichofysite\dataconnect`
 {"metadata":{"emulator":{"name":"dataconnect"},"message":"E0929 20:19:31.307762   18316 watch.go:31] Failed to load config from \"c:\\\\Users\\\\Mathe\\\\vscode tranalhos\\\\nichofysite\\\\dataconnect\": could not find dataconnect.yaml in `c:\\Users\\Mathe\\vscode tranalhos\\nichofysite\\dataconnect`\n"}}
[debug] [2025-09-29T23:19:41.308Z] E0929 20:19:41.307921   18316 watch.go:31] Failed to load config from "c:\\Users\\Mathe\\vscode tranalhos\\nichofysite\\dataconnect": could not find dataconnect.yaml in `c:\Users\Mathe\vscode tranalhos\nichofysite\dataconnect`
 {"metadata":{"emulator":{"name":"dataconnect"},"message":"E0929 20:19:41.307921   18316 watch.go:31] Failed to load config from \"c:\\\\Users\\\\Mathe\\\\vscode tranalhos\\\\nichofysite\\\\dataconnect\": could not find dataconnect.yaml in `c:\\Users\\Mathe\\vscode tranalhos\\nichofysite\\dataconnect`\n"}}
[debug] [2025-09-29T23:19:51.308Z] E0929 20:19:51.307771   18316 watch.go:31] Failed to load config from "c:\\Users\\Mathe\\vscode tranalhos\\nichofysite\\dataconnect": could not find dataconnect.yaml in `c:\Users\Mathe\vscode tranalhos\nichofysite\dataconnect`
 {"metadata":{"emulator":{"name":"dataconnect"},"message":"E0929 20:19:51.307771   18316 watch.go:31] Failed to load config from \"c:\\\\Users\\\\Mathe\\\\vscode tranalhos\\\\nichofysite\\\\dataconnect\": could not find dataconnect.yaml in `c:\\Users\\Mathe\\vscode tranalhos\\nichofysite\\dataconnect`\n"}}
[debug] [2025-09-29T23:20:01.308Z] E0929 20:20:01.307664   18316 watch.go:31] Failed to load config from "c:\\Users\\Mathe\\vscode tranalhos\\nichofysite\\dataconnect": could not find dataconnect.yaml in `c:\Users\Mathe\vscode tranalhos\nichofysite\dataconnect`
E0929 20:20:01.307664   18316 watch.go:102] watchAllDir unable to walk dir `c:\Users\Mathe\vscode tranalhos\nichofysite\dataconnect`: CreateFile c:\Users\Mathe\vscode tranalhos\nichofysite\dataconnect: The system cannot find the file specified.
 {"metadata":{"emulator":{"name":"dataconnect"},"message":"E0929 20:20:01.307664   18316 watch.go:31] Failed to load config from \"c:\\\\Users\\\\Mathe\\\\vscode tranalhos\\\\nichofysite\\\\dataconnect\": could not find dataconnect.yaml in `c:\\Users\\Mathe\\vscode tranalhos\\nichofysite\\dataconnect`\nE0929 20:20:01.307664   18316 watch.go:102] watchAllDir unable to walk dir `c:\\Users\\Mathe\\vscode tranalhos\\nichofysite\\dataconnect`: CreateFile c:\\Users\\Mathe\\vscode tranalhos\\nichofysite\\dataconnect: The system cannot find the file specified.\n"}}
[debug] [2025-09-29T23:20:11.308Z] E0929 20:20:11.307625   18316 watch.go:31] Failed to load config from "c:\\Users\\Mathe\\vscode tranalhos\\nichofysite\\dataconnect": could not find dataconnect.yaml in `c:\Users\Mathe\vscode tranalhos\nichofysite\dataconnect`
 {"metadata":{"emulator":{"name":"dataconnect"},"message":"E0929 20:20:11.307625   18316 watch.go:31] Failed to load config from \"c:\\\\Users\\\\Mathe\\\\vscode tranalhos\\\\nichofysite\\\\dataconnect\": could not find dataconnect.yaml in `c:\\Users\\Mathe\\vscode tranalhos\\nichofysite\\dataconnect`\n"}}
[debug] [2025-09-29T23:20:21.308Z] E0929 20:20:21.307798   18316 watch.go:31] Failed to load config from "c:\\Users\\Mathe\\vscode tranalhos\\nichofysite\\dataconnect": could not find dataconnect.yaml in `c:\Users\Mathe\vscode tranalhos\nichofysite\dataconnect`
 {"metadata":{"emulator":{"name":"dataconnect"},"message":"E0929 20:20:21.307798   18316 watch.go:31] Failed to load config from \"c:\\\\Users\\\\Mathe\\\\vscode tranalhos\\\\nichofysite\\\\dataconnect\": could not find dataconnect.yaml in `c:\\Users\\Mathe\\vscode tranalhos\\nichofysite\\dataconnect`\n"}}
[debug] [2025-09-29T23:20:31.308Z] E0929 20:20:31.307652   18316 watch.go:31] Failed to load config from "c:\\Users\\Mathe\\vscode tranalhos\\nichofysite\\dataconnect": could not find dataconnect.yaml in `c:\Users\Mathe\vscode tranalhos\nichofysite\dataconnect`
 {"metadata":{"emulator":{"name":"dataconnect"},"message":"E0929 20:20:31.307652   18316 watch.go:31] Failed to load config from \"c:\\\\Users\\\\Mathe\\\\vscode tranalhos\\\\nichofysite\\\\dataconnect\": could not find dataconnect.yaml in `c:\\Users\\Mathe\\vscode tranalhos\\nichofysite\\dataconnect`\n"}}
[debug] [2025-09-29T23:20:41.307Z] E0929 20:20:41.307699   18316 watch.go:31] Failed to load config from "c:\\Users\\Mathe\\vscode tranalhos\\nichofysite\\dataconnect": could not find dataconnect.yaml in `c:\Users\Mathe\vscode tranalhos\nichofysite\dataconnect`
 {"metadata":{"emulator":{"name":"dataconnect"},"message":"E0929 20:20:41.307699   18316 watch.go:31] Failed to load config from \"c:\\\\Users\\\\Mathe\\\\vscode tranalhos\\\\nichofysite\\\\dataconnect\": could not find dataconnect.yaml in `c:\\Users\\Mathe\\vscode tranalhos\\nichofysite\\dataconnect`\n"}}
[debug] [2025-09-29T23:20:51.307Z] E0929 20:20:51.307897   18316 watch.go:31] Failed to load config from "c:\\Users\\Mathe\\vscode tranalhos\\nichofysite\\dataconnect": could not find dataconnect.yaml in `c:\Users\Mathe\vscode tranalhos\nichofysite\dataconnect`
 {"metadata":{"emulator":{"name":"dataconnect"},"message":"E0929 20:20:51.307897   18316 watch.go:31] Failed to load config from \"c:\\\\Users\\\\Mathe\\\\vscode tranalhos\\\\nichofysite\\\\dataconnect\": could not find dataconnect.yaml in `c:\\Users\\Mathe\\vscode tranalhos\\nichofysite\\dataconnect`\n"}}
[debug] [2025-09-29T23:21:01.307Z] E0929 20:21:01.307273   18316 watch.go:31] Failed to load config from "c:\\Users\\Mathe\\vscode tranalhos\\nichofysite\\dataconnect": could not find dataconnect.yaml in `c:\Users\Mathe\vscode tranalhos\nichofysite\dataconnect`
 {"metadata":{"emulator":{"name":"dataconnect"},"message":"E0929 20:21:01.307273   18316 watch.go:31] Failed to load config from \"c:\\\\Users\\\\Mathe\\\\vscode tranalhos\\\\nichofysite\\\\dataconnect\": could not find dataconnect.yaml in `c:\\Users\\Mathe\\vscode tranalhos\\nichofysite\\dataconnect`\n"}}
[debug] [2025-09-29T23:21:11.307Z] E0929 20:21:11.308462   18316 watch.go:31] Failed to load config from "c:\\Users\\Mathe\\vscode tranalhos\\nichofysite\\dataconnect": could not find dataconnect.yaml in `c:\Users\Mathe\vscode tranalhos\nichofysite\dataconnect`
 {"metadata":{"emulator":{"name":"dataconnect"},"message":"E0929 20:21:11.308462   18316 watch.go:31] Failed to load config from \"c:\\\\Users\\\\Mathe\\\\vscode tranalhos\\\\nichofysite\\\\dataconnect\": could not find dataconnect.yaml in `c:\\Users\\Mathe\\vscode tranalhos\\nichofysite\\dataconnect`\n"}}
[debug] [2025-09-29T23:21:21.307Z] E0929 20:21:21.307337   18316 watch.go:31] Failed to load config from "c:\\Users\\Mathe\\vscode tranalhos\\nichofysite\\dataconnect": could not find dataconnect.yaml in `c:\Users\Mathe\vscode tranalhos\nichofysite\dataconnect`
 {"metadata":{"emulator":{"name":"dataconnect"},"message":"E0929 20:21:21.307337   18316 watch.go:31] Failed to load config from \"c:\\\\Users\\\\Mathe\\\\vscode tranalhos\\\\nichofysite\\\\dataconnect\": could not find dataconnect.yaml in `c:\\Users\\Mathe\\vscode tranalhos\\nichofysite\\dataconnect`\n"}}
[debug] [2025-09-29T23:21:31.307Z] E0929 20:21:31.307759   18316 watch.go:31] Failed to load config from "c:\\Users\\Mathe\\vscode tranalhos\\nichofysite\\dataconnect": could not find dataconnect.yaml in `c:\Users\Mathe\vscode tranalhos\nichofysite\dataconnect`
 {"metadata":{"emulator":{"name":"dataconnect"},"message":"E0929 20:21:31.307759   18316 watch.go:31] Failed to load config from \"c:\\\\Users\\\\Mathe\\\\vscode tranalhos\\\\nichofysite\\\\dataconnect\": could not find dataconnect.yaml in `c:\\Users\\Mathe\\vscode tranalhos\\nichofysite\\dataconnect`\n"}}
[debug] [2025-09-29T23:21:41.307Z] E0929 20:21:41.307986   18316 watch.go:31] Failed to load config from "c:\\Users\\Mathe\\vscode tranalhos\\nichofysite\\dataconnect": could not find dataconnect.yaml in `c:\Users\Mathe\vscode tranalhos\nichofysite\dataconnect`
 {"metadata":{"emulator":{"name":"dataconnect"},"message":"E0929 20:21:41.307986   18316 watch.go:31] Failed to load config from \"c:\\\\Users\\\\Mathe\\\\vscode tranalhos\\\\nichofysite\\\\dataconnect\": could not find dataconnect.yaml in `c:\\Users\\Mathe\\vscode tranalhos\\nichofysite\\dataconnect`\n"}}
[debug] [2025-09-29T23:21:51.307Z] E0929 20:21:51.307307   18316 watch.go:31] Failed to load config from "c:\\Users\\Mathe\\vscode tranalhos\\nichofysite\\dataconnect": could not find dataconnect.yaml in `c:\Users\Mathe\vscode tranalhos\nichofysite\dataconnect`
 {"metadata":{"emulator":{"name":"dataconnect"},"message":"E0929 20:21:51.307307   18316 watch.go:31] Failed to load config from \"c:\\\\Users\\\\Mathe\\\\vscode tranalhos\\\\nichofysite\\\\dataconnect\": could not find dataconnect.yaml in `c:\\Users\\Mathe\\vscode tranalhos\\nichofysite\\dataconnect`\n"}}
[debug] [2025-09-29T23:22:01.309Z] E0929 20:22:01.309690   18316 watch.go:31] Failed to load config from "c:\\Users\\Mathe\\vscode tranalhos\\nichofysite\\dataconnect": could not find dataconnect.yaml in `c:\Users\Mathe\vscode tranalhos\nichofysite\dataconnect`
 {"metadata":{"emulator":{"name":"dataconnect"},"message":"E0929 20:22:01.309690   18316 watch.go:31] Failed to load config from \"c:\\\\Users\\\\Mathe\\\\vscode tranalhos\\\\nichofysite\\\\dataconnect\": could not find dataconnect.yaml in `c:\\Users\\Mathe\\vscode tranalhos\\nichofysite\\dataconnect`\n"}}
[debug] [2025-09-29T23:22:01.311Z] E0929 20:22:01.309690   18316 watch.go:102] watchAllDir unable to walk dir `c:\Users\Mathe\vscode tranalhos\nichofysite\dataconnect`: CreateFile c:\Users\Mathe\vscode tranalhos\nichofysite\dataconnect: The system cannot find the file specified.
 {"metadata":{"emulator":{"name":"dataconnect"},"message":"E0929 20:22:01.309690   18316 watch.go:102] watchAllDir unable to walk dir `c:\\Users\\Mathe\\vscode tranalhos\\nichofysite\\dataconnect`: CreateFile c:\\Users\\Mathe\\vscode tranalhos\\nichofysite\\dataconnect: The system cannot find the file specified.\n"}}
[debug] [2025-09-29T23:22:11.308Z] E0929 20:22:11.308508   18316 watch.go:31] Failed to load config from "c:\\Users\\Mathe\\vscode tranalhos\\nichofysite\\dataconnect": could not find dataconnect.yaml in `c:\Users\Mathe\vscode tranalhos\nichofysite\dataconnect`
 {"metadata":{"emulator":{"name":"dataconnect"},"message":"E0929 20:22:11.308508   18316 watch.go:31] Failed to load config from \"c:\\\\Users\\\\Mathe\\\\vscode tranalhos\\\\nichofysite\\\\dataconnect\": could not find dataconnect.yaml in `c:\\Users\\Mathe\\vscode tranalhos\\nichofysite\\dataconnect`\n"}}
[debug] [2025-09-29T23:22:21.307Z] E0929 20:22:21.307782   18316 watch.go:31] Failed to load config from "c:\\Users\\Mathe\\vscode tranalhos\\nichofysite\\dataconnect": could not find dataconnect.yaml in `c:\Users\Mathe\vscode tranalhos\nichofysite\dataconnect`
 {"metadata":{"emulator":{"name":"dataconnect"},"message":"E0929 20:22:21.307782   18316 watch.go:31] Failed to load config from \"c:\\\\Users\\\\Mathe\\\\vscode tranalhos\\\\nichofysite\\\\dataconnect\": could not find dataconnect.yaml in `c:\\Users\\Mathe\\vscode tranalhos\\nichofysite\\dataconnect`\n"}}
[debug] [2025-09-29T23:22:31.307Z] E0929 20:22:31.307533   18316 watch.go:31] Failed to load config from "c:\\Users\\Mathe\\vscode tranalhos\\nichofysite\\dataconnect": could not find dataconnect.yaml in `c:\Users\Mathe\vscode tranalhos\nichofysite\dataconnect`
 {"metadata":{"emulator":{"name":"dataconnect"},"message":"E0929 20:22:31.307533   18316 watch.go:31] Failed to load config from \"c:\\\\Users\\\\Mathe\\\\vscode tranalhos\\\\nichofysite\\\\dataconnect\": could not find dataconnect.yaml in `c:\\Users\\Mathe\\vscode tranalhos\\nichofysite\\dataconnect`\n"}}
[debug] [2025-09-29T23:22:41.307Z] E0929 20:22:41.307188   18316 watch.go:31] Failed to load config from "c:\\Users\\Mathe\\vscode tranalhos\\nichofysite\\dataconnect": could not find dataconnect.yaml in `c:\Users\Mathe\vscode tranalhos\nichofysite\dataconnect`
 {"metadata":{"emulator":{"name":"dataconnect"},"message":"E0929 20:22:41.307188   18316 watch.go:31] Failed to load config from \"c:\\\\Users\\\\Mathe\\\\vscode tranalhos\\\\nichofysite\\\\dataconnect\": could not find dataconnect.yaml in `c:\\Users\\Mathe\\vscode tranalhos\\nichofysite\\dataconnect`\n"}}
[debug] [2025-09-29T23:22:51.307Z] E0929 20:22:51.307145   18316 watch.go:31] Failed to load config from "c:\\Users\\Mathe\\vscode tranalhos\\nichofysite\\dataconnect": could not find dataconnect.yaml in `c:\Users\Mathe\vscode tranalhos\nichofysite\dataconnect`
 {"metadata":{"emulator":{"name":"dataconnect"},"message":"E0929 20:22:51.307145   18316 watch.go:31] Failed to load config from \"c:\\\\Users\\\\Mathe\\\\vscode tranalhos\\\\nichofysite\\\\dataconnect\": could not find dataconnect.yaml in `c:\\Users\\Mathe\\vscode tranalhos\\nichofysite\\dataconnect`\n"}}
[debug] [2025-09-29T23:23:01.307Z] E0929 20:23:01.307489   18316 watch.go:31] Failed to load config from "c:\\Users\\Mathe\\vscode tranalhos\\nichofysite\\dataconnect": could not find dataconnect.yaml in `c:\Users\Mathe\vscode tranalhos\nichofysite\dataconnect`
 {"metadata":{"emulator":{"name":"dataconnect"},"message":"E0929 20:23:01.307489   18316 watch.go:31] Failed to load config from \"c:\\\\Users\\\\Mathe\\\\vscode tranalhos\\\\nichofysite\\\\dataconnect\": could not find dataconnect.yaml in `c:\\Users\\Mathe\\vscode tranalhos\\nichofysite\\dataconnect`\n"}}
[debug] [2025-09-29T23:23:11.308Z] E0929 20:23:11.307565   18316 watch.go:31] Failed to load config from "c:\\Users\\Mathe\\vscode tranalhos\\nichofysite\\dataconnect": could not find dataconnect.yaml in `c:\Users\Mathe\vscode tranalhos\nichofysite\dataconnect`
 {"metadata":{"emulator":{"name":"dataconnect"},"message":"E0929 20:23:11.307565   18316 watch.go:31] Failed to load config from \"c:\\\\Users\\\\Mathe\\\\vscode tranalhos\\\\nichofysite\\\\dataconnect\": could not find dataconnect.yaml in `c:\\Users\\Mathe\\vscode tranalhos\\nichofysite\\dataconnect`\n"}}
[debug] [2025-09-29T23:23:21.307Z] E0929 20:23:21.307209   18316 watch.go:31] Failed to load config from "c:\\Users\\Mathe\\vscode tranalhos\\nichofysite\\dataconnect": could not find dataconnect.yaml in `c:\Users\Mathe\vscode tranalhos\nichofysite\dataconnect`
 {"metadata":{"emulator":{"name":"dataconnect"},"message":"E0929 20:23:21.307209   18316 watch.go:31] Failed to load config from \"c:\\\\Users\\\\Mathe\\\\vscode tranalhos\\\\nichofysite\\\\dataconnect\": could not find dataconnect.yaml in `c:\\Users\\Mathe\\vscode tranalhos\\nichofysite\\dataconnect`\n"}}
[debug] [2025-09-29T23:23:31.307Z] E0929 20:23:31.307313   18316 watch.go:31] Failed to load config from "c:\\Users\\Mathe\\vscode tranalhos\\nichofysite\\dataconnect": could not find dataconnect.yaml in `c:\Users\Mathe\vscode tranalhos\nichofysite\dataconnect`
 {"metadata":{"emulator":{"name":"dataconnect"},"message":"E0929 20:23:31.307313   18316 watch.go:31] Failed to load config from \"c:\\\\Users\\\\Mathe\\\\vscode tranalhos\\\\nichofysite\\\\dataconnect\": could not find dataconnect.yaml in `c:\\Users\\Mathe\\vscode tranalhos\\nichofysite\\dataconnect`\n"}}
[debug] [2025-09-29T23:23:41.307Z] E0929 20:23:41.307915   18316 watch.go:31] Failed to load config from "c:\\Users\\Mathe\\vscode tranalhos\\nichofysite\\dataconnect": could not find dataconnect.yaml in `c:\Users\Mathe\vscode tranalhos\nichofysite\dataconnect`
 {"metadata":{"emulator":{"name":"dataconnect"},"message":"E0929 20:23:41.307915   18316 watch.go:31] Failed to load config from \"c:\\\\Users\\\\Mathe\\\\vscode tranalhos\\\\nichofysite\\\\dataconnect\": could not find dataconnect.yaml in `c:\\Users\\Mathe\\vscode tranalhos\\nichofysite\\dataconnect`\n"}}
[debug] [2025-09-29T23:23:51.307Z] E0929 20:23:51.307325   18316 watch.go:31] Failed to load config from "c:\\Users\\Mathe\\vscode tranalhos\\nichofysite\\dataconnect": could not find dataconnect.yaml in `c:\Users\Mathe\vscode tranalhos\nichofysite\dataconnect`
 {"metadata":{"emulator":{"name":"dataconnect"},"message":"E0929 20:23:51.307325   18316 watch.go:31] Failed to load config from \"c:\\\\Users\\\\Mathe\\\\vscode tranalhos\\\\nichofysite\\\\dataconnect\": could not find dataconnect.yaml in `c:\\Users\\Mathe\\vscode tranalhos\\nichofysite\\dataconnect`\n"}}
[debug] [2025-09-29T23:24:01.307Z] E0929 20:24:01.307746   18316 watch.go:31] Failed to load config from "c:\\Users\\Mathe\\vscode tranalhos\\nichofysite\\dataconnect": could not find dataconnect.yaml in `c:\Users\Mathe\vscode tranalhos\nichofysite\dataconnect`
 {"metadata":{"emulator":{"name":"dataconnect"},"message":"E0929 20:24:01.307746   18316 watch.go:31] Failed to load config from \"c:\\\\Users\\\\Mathe\\\\vscode tranalhos\\\\nichofysite\\\\dataconnect\": could not find dataconnect.yaml in `c:\\Users\\Mathe\\vscode tranalhos\\nichofysite\\dataconnect`\n"}}
[debug] [2025-09-29T23:24:01.308Z] E0929 20:24:01.307746   18316 watch.go:102] watchAllDir unable to walk dir `c:\Users\Mathe\vscode tranalhos\nichofysite\dataconnect`: CreateFile c:\Users\Mathe\vscode tranalhos\nichofysite\dataconnect: The system cannot find the file specified.
 {"metadata":{"emulator":{"name":"dataconnect"},"message":"E0929 20:24:01.307746   18316 watch.go:102] watchAllDir unable to walk dir `c:\\Users\\Mathe\\vscode tranalhos\\nichofysite\\dataconnect`: CreateFile c:\\Users\\Mathe\\vscode tranalhos\\nichofysite\\dataconnect: The system cannot find the file specified.\n"}}
[debug] [2025-09-29T23:24:11.307Z] E0929 20:24:11.307163   18316 watch.go:31] Failed to load config from "c:\\Users\\Mathe\\vscode tranalhos\\nichofysite\\dataconnect": could not find dataconnect.yaml in `c:\Users\Mathe\vscode tranalhos\nichofysite\dataconnect`
 {"metadata":{"emulator":{"name":"dataconnect"},"message":"E0929 20:24:11.307163   18316 watch.go:31] Failed to load config from \"c:\\\\Users\\\\Mathe\\\\vscode tranalhos\\\\nichofysite\\\\dataconnect\": could not find dataconnect.yaml in `c:\\Users\\Mathe\\vscode tranalhos\\nichofysite\\dataconnect`\n"}}
[debug] [2025-09-29T23:24:21.307Z] E0929 20:24:21.307270   18316 watch.go:31] Failed to load config from "c:\\Users\\Mathe\\vscode tranalhos\\nichofysite\\dataconnect": could not find dataconnect.yaml in `c:\Users\Mathe\vscode tranalhos\nichofysite\dataconnect`
 {"metadata":{"emulator":{"name":"dataconnect"},"message":"E0929 20:24:21.307270   18316 watch.go:31] Failed to load config from \"c:\\\\Users\\\\Mathe\\\\vscode tranalhos\\\\nichofysite\\\\dataconnect\": could not find dataconnect.yaml in `c:\\Users\\Mathe\\vscode tranalhos\\nichofysite\\dataconnect`\n"}}
[debug] [2025-09-29T23:24:31.308Z] E0929 20:24:31.308047   18316 watch.go:31] Failed to load config from "c:\\Users\\Mathe\\vscode tranalhos\\nichofysite\\dataconnect": could not find dataconnect.yaml in `c:\Users\Mathe\vscode tranalhos\nichofysite\dataconnect`
 {"metadata":{"emulator":{"name":"dataconnect"},"message":"E0929 20:24:31.308047   18316 watch.go:31] Failed to load config from \"c:\\\\Users\\\\Mathe\\\\vscode tranalhos\\\\nichofysite\\\\dataconnect\": could not find dataconnect.yaml in `c:\\Users\\Mathe\\vscode tranalhos\\nichofysite\\dataconnect`\n"}}
[debug] [2025-09-29T23:24:41.307Z] E0929 20:24:41.307539   18316 watch.go:31] Failed to load config from "c:\\Users\\Mathe\\vscode tranalhos\\nichofysite\\dataconnect": could not find dataconnect.yaml in `c:\Users\Mathe\vscode tranalhos\nichofysite\dataconnect`
 {"metadata":{"emulator":{"name":"dataconnect"},"message":"E0929 20:24:41.307539   18316 watch.go:31] Failed to load config from \"c:\\\\Users\\\\Mathe\\\\vscode tranalhos\\\\nichofysite\\\\dataconnect\": could not find dataconnect.yaml in `c:\\Users\\Mathe\\vscode tranalhos\\nichofysite\\dataconnect`\n"}}
[debug] [2025-09-29T23:24:51.307Z] E0929 20:24:51.307439   18316 watch.go:31] Failed to load config from "c:\\Users\\Mathe\\vscode tranalhos\\nichofysite\\dataconnect": could not find dataconnect.yaml in `c:\Users\Mathe\vscode tranalhos\nichofysite\dataconnect`
 {"metadata":{"emulator":{"name":"dataconnect"},"message":"E0929 20:24:51.307439   18316 watch.go:31] Failed to load config from \"c:\\\\Users\\\\Mathe\\\\vscode tranalhos\\\\nichofysite\\\\dataconnect\": could not find dataconnect.yaml in `c:\\Users\\Mathe\\vscode tranalhos\\nichofysite\\dataconnect`\n"}}
[debug] [2025-09-29T23:25:01.307Z] E0929 20:25:01.307279   18316 watch.go:31] Failed to load config from "c:\\Users\\Mathe\\vscode tranalhos\\nichofysite\\dataconnect": could not find dataconnect.yaml in `c:\Users\Mathe\vscode tranalhos\nichofysite\dataconnect`
 {"metadata":{"emulator":{"name":"dataconnect"},"message":"E0929 20:25:01.307279   18316 watch.go:31] Failed to load config from \"c:\\\\Users\\\\Mathe\\\\vscode tranalhos\\\\nichofysite\\\\dataconnect\": could not find dataconnect.yaml in `c:\\Users\\Mathe\\vscode tranalhos\\nichofysite\\dataconnect`\n"}}
[debug] [2025-09-29T23:25:11.307Z] E0929 20:25:11.307340   18316 watch.go:31] Failed to load config from "c:\\Users\\Mathe\\vscode tranalhos\\nichofysite\\dataconnect": could not find dataconnect.yaml in `c:\Users\Mathe\vscode tranalhos\nichofysite\dataconnect`
 {"metadata":{"emulator":{"name":"dataconnect"},"message":"E0929 20:25:11.307340   18316 watch.go:31] Failed to load config from \"c:\\\\Users\\\\Mathe\\\\vscode tranalhos\\\\nichofysite\\\\dataconnect\": could not find dataconnect.yaml in `c:\\Users\\Mathe\\vscode tranalhos\\nichofysite\\dataconnect`\n"}}
[debug] [2025-09-29T23:25:21.308Z] E0929 20:25:21.307938   18316 watch.go:31] Failed to load config from "c:\\Users\\Mathe\\vscode tranalhos\\nichofysite\\dataconnect": could not find dataconnect.yaml in `c:\Users\Mathe\vscode tranalhos\nichofysite\dataconnect`
 {"metadata":{"emulator":{"name":"dataconnect"},"message":"E0929 20:25:21.307938   18316 watch.go:31] Failed to load config from \"c:\\\\Users\\\\Mathe\\\\vscode tranalhos\\\\nichofysite\\\\dataconnect\": could not find dataconnect.yaml in `c:\\Users\\Mathe\\vscode tranalhos\\nichofysite\\dataconnect`\n"}}
[debug] [2025-09-29T23:25:31.307Z] E0929 20:25:31.307281   18316 watch.go:31] Failed to load config from "c:\\Users\\Mathe\\vscode tranalhos\\nichofysite\\dataconnect": could not find dataconnect.yaml in `c:\Users\Mathe\vscode tranalhos\nichofysite\dataconnect`
 {"metadata":{"emulator":{"name":"dataconnect"},"message":"E0929 20:25:31.307281   18316 watch.go:31] Failed to load config from \"c:\\\\Users\\\\Mathe\\\\vscode tranalhos\\\\nichofysite\\\\dataconnect\": could not find dataconnect.yaml in `c:\\Users\\Mathe\\vscode tranalhos\\nichofysite\\dataconnect`\n"}}
[debug] [2025-09-29T23:25:41.308Z] E0929 20:25:41.308329   18316 watch.go:31] Failed to load config from "c:\\Users\\Mathe\\vscode tranalhos\\nichofysite\\dataconnect": could not find dataconnect.yaml in `c:\Users\Mathe\vscode tranalhos\nichofysite\dataconnect`
 {"metadata":{"emulator":{"name":"dataconnect"},"message":"E0929 20:25:41.308329   18316 watch.go:31] Failed to load config from \"c:\\\\Users\\\\Mathe\\\\vscode tranalhos\\\\nichofysite\\\\dataconnect\": could not find dataconnect.yaml in `c:\\Users\\Mathe\\vscode tranalhos\\nichofysite\\dataconnect`\n"}}
[debug] [2025-09-29T23:25:51.307Z] E0929 20:25:51.307447   18316 watch.go:31] Failed to load config from "c:\\Users\\Mathe\\vscode tranalhos\\nichofysite\\dataconnect": could not find dataconnect.yaml in `c:\Users\Mathe\vscode tranalhos\nichofysite\dataconnect`
 {"metadata":{"emulator":{"name":"dataconnect"},"message":"E0929 20:25:51.307447   18316 watch.go:31] Failed to load config from \"c:\\\\Users\\\\Mathe\\\\vscode tranalhos\\\\nichofysite\\\\dataconnect\": could not find dataconnect.yaml in `c:\\Users\\Mathe\\vscode tranalhos\\nichofysite\\dataconnect`\n"}}
[debug] [2025-09-29T23:26:01.307Z] E0929 20:26:01.307688   18316 watch.go:31] Failed to load config from "c:\\Users\\Mathe\\vscode tranalhos\\nichofysite\\dataconnect": could not find dataconnect.yaml in `c:\Users\Mathe\vscode tranalhos\nichofysite\dataconnect`
E0929 20:26:01.307688   18316 watch.go:102] watchAllDir unable to walk dir `c:\Users\Mathe\vscode tranalhos\nichofysite\dataconnect`: CreateFile c:\Users\Mathe\vscode tranalhos\nichofysite\dataconnect: The system cannot find the file specified.
 {"metadata":{"emulator":{"name":"dataconnect"},"message":"E0929 20:26:01.307688   18316 watch.go:31] Failed to load config from \"c:\\\\Users\\\\Mathe\\\\vscode tranalhos\\\\nichofysite\\\\dataconnect\": could not find dataconnect.yaml in `c:\\Users\\Mathe\\vscode tranalhos\\nichofysite\\dataconnect`\nE0929 20:26:01.307688   18316 watch.go:102] watchAllDir unable to walk dir `c:\\Users\\Mathe\\vscode tranalhos\\nichofysite\\dataconnect`: CreateFile c:\\Users\\Mathe\\vscode tranalhos\\nichofysite\\dataconnect: The system cannot find the file specified.\n"}}
[debug] [2025-09-29T23:26:11.307Z] E0929 20:26:11.307465   18316 watch.go:31] Failed to load config from "c:\\Users\\Mathe\\vscode tranalhos\\nichofysite\\dataconnect": could not find dataconnect.yaml in `c:\Users\Mathe\vscode tranalhos\nichofysite\dataconnect`
 {"metadata":{"emulator":{"name":"dataconnect"},"message":"E0929 20:26:11.307465   18316 watch.go:31] Failed to load config from \"c:\\\\Users\\\\Mathe\\\\vscode tranalhos\\\\nichofysite\\\\dataconnect\": could not find dataconnect.yaml in `c:\\Users\\Mathe\\vscode tranalhos\\nichofysite\\dataconnect`\n"}}
[debug] [2025-09-29T23:26:21.307Z] E0929 20:26:21.307300   18316 watch.go:31] Failed to load config from "c:\\Users\\Mathe\\vscode tranalhos\\nichofysite\\dataconnect": could not find dataconnect.yaml in `c:\Users\Mathe\vscode tranalhos\nichofysite\dataconnect`
 {"metadata":{"emulator":{"name":"dataconnect"},"message":"E0929 20:26:21.307300   18316 watch.go:31] Failed to load config from \"c:\\\\Users\\\\Mathe\\\\vscode tranalhos\\\\nichofysite\\\\dataconnect\": could not find dataconnect.yaml in `c:\\Users\\Mathe\\vscode tranalhos\\nichofysite\\dataconnect`\n"}}
[debug] [2025-09-29T23:26:31.307Z] E0929 20:26:31.307394   18316 watch.go:31] Failed to load config from "c:\\Users\\Mathe\\vscode tranalhos\\nichofysite\\dataconnect": could not find dataconnect.yaml in `c:\Users\Mathe\vscode tranalhos\nichofysite\dataconnect`
 {"metadata":{"emulator":{"name":"dataconnect"},"message":"E0929 20:26:31.307394   18316 watch.go:31] Failed to load config from \"c:\\\\Users\\\\Mathe\\\\vscode tranalhos\\\\nichofysite\\\\dataconnect\": could not find dataconnect.yaml in `c:\\Users\\Mathe\\vscode tranalhos\\nichofysite\\dataconnect`\n"}}
[debug] [2025-09-29T23:26:41.307Z] E0929 20:26:41.308010   18316 watch.go:31] Failed to load config from "c:\\Users\\Mathe\\vscode tranalhos\\nichofysite\\dataconnect": could not find dataconnect.yaml in `c:\Users\Mathe\vscode tranalhos\nichofysite\dataconnect`
 {"metadata":{"emulator":{"name":"dataconnect"},"message":"E0929 20:26:41.308010   18316 watch.go:31] Failed to load config from \"c:\\\\Users\\\\Mathe\\\\vscode tranalhos\\\\nichofysite\\\\dataconnect\": could not find dataconnect.yaml in `c:\\Users\\Mathe\\vscode tranalhos\\nichofysite\\dataconnect`\n"}}
[debug] [2025-09-29T23:26:51.308Z] E0929 20:26:51.308689   18316 watch.go:31] Failed to load config from "c:\\Users\\Mathe\\vscode tranalhos\\nichofysite\\dataconnect": could not find dataconnect.yaml in `c:\Users\Mathe\vscode tranalhos\nichofysite\dataconnect`
 {"metadata":{"emulator":{"name":"dataconnect"},"message":"E0929 20:26:51.308689   18316 watch.go:31] Failed to load config from \"c:\\\\Users\\\\Mathe\\\\vscode tranalhos\\\\nichofysite\\\\dataconnect\": could not find dataconnect.yaml in `c:\\Users\\Mathe\\vscode tranalhos\\nichofysite\\dataconnect`\n"}}
